0 info it worked if it ends with ok
1 verbose cli [ 'C:\\Program Files (x86)\\nodejs\\node.exe',
1 verbose cli   'C:\\Users\\gsingh\\AppData\\Roaming\\npm\\node_modules\\npm\\bin\\npm-cli.js',
1 verbose cli   'install',
1 verbose cli   '@types/jquery@1.10.1',
1 verbose cli   '--save-dev' ]
2 info using npm@3.10.8
3 info using node@v4.4.7
4 silly loadCurrentTree Starting
5 silly install loadCurrentTree
6 silly install readLocalPackageData
7 silly fetchPackageMetaData @types/jquery@1.10.1
8 silly fetchNamedPackageData @types/jquery
9 silly mapToRegistry name @types/jquery
10 silly mapToRegistry scope (from package name) @types
11 verbose mapToRegistry no registry URL found in name for scope @types
12 silly mapToRegistry using default registry
13 silly mapToRegistry registry https://registry.npmjs.org/
14 silly mapToRegistry data Result {
14 silly mapToRegistry   raw: '@types/jquery',
14 silly mapToRegistry   scope: '@types',
14 silly mapToRegistry   escapedName: '@types%2fjquery',
14 silly mapToRegistry   name: '@types/jquery',
14 silly mapToRegistry   rawSpec: '',
14 silly mapToRegistry   spec: 'latest',
14 silly mapToRegistry   type: 'tag' }
15 silly mapToRegistry uri https://registry.npmjs.org/@types%2fjquery
16 verbose request uri https://registry.npmjs.org/@types%2fjquery
17 verbose request no auth needed
18 info attempt registry request try #1 at 9:53:54 AM
19 verbose request id b4d23030872f31bc
20 verbose etag W/"59bdaf75-16964"
21 verbose lastModified Sat, 16 Sep 2017 23:10:45 GMT
22 http request GET https://registry.npmjs.org/@types%2fjquery
23 http 304 https://registry.npmjs.org/@types%2fjquery
24 verbose headers { date: 'Sat, 23 Sep 2017 23:53:57 GMT',
24 verbose headers   via: '1.1 varnish',
24 verbose headers   'cache-control': 'max-age=0',
24 verbose headers   etag: 'W/"59bdaf75-16964"',
24 verbose headers   age: '0',
24 verbose headers   connection: 'keep-alive',
24 verbose headers   'x-served-by': 'cache-syd1627-SYD',
24 verbose headers   'x-cache': 'MISS',
24 verbose headers   'x-cache-hits': '0',
24 verbose headers   'x-timer': 'S1506210837.167840,VS0,VE871',
24 verbose headers   vary: 'Accept-Encoding' }
25 silly get cb [ 304,
25 silly get   { date: 'Sat, 23 Sep 2017 23:53:57 GMT',
25 silly get     via: '1.1 varnish',
25 silly get     'cache-control': 'max-age=0',
25 silly get     etag: 'W/"59bdaf75-16964"',
25 silly get     age: '0',
25 silly get     connection: 'keep-alive',
25 silly get     'x-served-by': 'cache-syd1627-SYD',
25 silly get     'x-cache': 'MISS',
25 silly get     'x-cache-hits': '0',
25 silly get     'x-timer': 'S1506210837.167840,VS0,VE871',
25 silly get     vary: 'Accept-Encoding' } ]
26 verbose etag https://registry.npmjs.org/@types%2fjquery from cache
27 verbose get saving @types/jquery to C:\Users\gsingh\AppData\Roaming\npm-cache\registry.npmjs.org\_40types_252fjquery\.cache.json
28 verbose correctMkdir C:\Users\gsingh\AppData\Roaming\npm-cache correctMkdir not in flight; initializing
29 silly fetchNamedPackageData No valid target from cache, forcing network
30 verbose request uri https://registry.npmjs.org/@types%2fjquery
31 verbose request no auth needed
32 info attempt registry request try #1 at 9:53:55 AM
33 http request GET https://registry.npmjs.org/@types%2fjquery
34 http 200 https://registry.npmjs.org/@types%2fjquery
35 verbose headers { 'content-type': 'application/json',
35 verbose headers   server: 'nginx/1.10.3',
35 verbose headers   'last-modified': 'Sat, 16 Sep 2017 23:10:45 GMT',
35 verbose headers   etag: 'W/"59bdaf75-16964"',
35 verbose headers   'content-encoding': 'gzip',
35 verbose headers   'cache-control': 'max-age=0',
35 verbose headers   'transfer-encoding': 'chunked',
35 verbose headers   'accept-ranges': 'bytes',
35 verbose headers   date: 'Sat, 23 Sep 2017 23:53:58 GMT',
35 verbose headers   via: '1.1 varnish',
35 verbose headers   connection: 'keep-alive',
35 verbose headers   'x-served-by': 'cache-syd1627-SYD',
35 verbose headers   'x-cache': 'MISS',
35 verbose headers   'x-cache-hits': '0',
35 verbose headers   'x-timer': 'S1506210838.095291,VS0,VE217',
35 verbose headers   vary: 'Accept-Encoding' }
36 silly get cb [ 200,
36 silly get   { 'content-type': 'application/json',
36 silly get     server: 'nginx/1.10.3',
36 silly get     'last-modified': 'Sat, 16 Sep 2017 23:10:45 GMT',
36 silly get     etag: 'W/"59bdaf75-16964"',
36 silly get     'content-encoding': 'gzip',
36 silly get     'cache-control': 'max-age=0',
36 silly get     'transfer-encoding': 'chunked',
36 silly get     'accept-ranges': 'bytes',
36 silly get     date: 'Sat, 23 Sep 2017 23:53:58 GMT',
36 silly get     via: '1.1 varnish',
36 silly get     connection: 'keep-alive',
36 silly get     'x-served-by': 'cache-syd1627-SYD',
36 silly get     'x-cache': 'MISS',
36 silly get     'x-cache-hits': '0',
36 silly get     'x-timer': 'S1506210838.095291,VS0,VE217',
36 silly get     vary: 'Accept-Encoding' } ]
37 verbose get saving @types/jquery to C:\Users\gsingh\AppData\Roaming\npm-cache\registry.npmjs.org\_40types_252fjquery\.cache.json
38 verbose correctMkdir C:\Users\gsingh\AppData\Roaming\npm-cache correctMkdir not in flight; initializing
39 silly fetchPackageMetaData Error: No compatible version found: @types/jquery@1.10.1
39 silly fetchPackageMetaData Valid install targets:
39 silly fetchPackageMetaData 3.2.12, 3.2.11, 3.2.10, 3.2.9, 3.2.8, 3.2.7, 3.2.6, 3.2.5, 3.2.4, 3.2.3, 3.2.2, 3.2.1, 3.2.0, 2.0.48, 2.0.47, 2.0.46, 2.0.45, 2.0.44, 2.0.43, 2.0.42, 2.0.41, 2.0.40, 2.0.39, 2.0.38, 2.0.37, 2.0.36, 2.0.35, 2.0.34, 2.0.33, 2.0.32, 1.10.33, 1.10.32, 1.10.31, 1.10.30, 1.10.29, 1.10.28, 1.10.27, 1.10.26-alpha, 1.10.25-alpha, 1.10.24-alpha, 1.10.23-alpha, 1.10.22-alpha, 1.10.21-alpha, 1.10.20-alpha, 1.10.15-alpha, 1.10.14-alpha, 1.10.8-alpha
39 silly fetchPackageMetaData
39 silly fetchPackageMetaData     at pickVersionFromRegistryDocument (C:\Users\gsingh\AppData\Roaming\npm\node_modules\npm\lib\fetch-package-metadata.js:178:16)
39 silly fetchPackageMetaData     at C:\Users\gsingh\AppData\Roaming\npm\node_modules\npm\node_modules\iferr\index.js:13:50
39 silly fetchPackageMetaData     at C:\Users\gsingh\AppData\Roaming\npm\node_modules\npm\lib\utils\pulse-till-done.js:20:8
39 silly fetchPackageMetaData     at saved (C:\Users\gsingh\AppData\Roaming\npm\node_modules\npm\lib\cache\caching-client.js:174:7)
39 silly fetchPackageMetaData     at C:\Users\gsingh\AppData\Roaming\npm\node_modules\npm\node_modules\graceful-fs\polyfills.js:233:18
39 silly fetchPackageMetaData     at FSReqWrap.oncomplete (fs.js:82:15)
39 silly fetchPackageMetaData  error for @types/jquery@1.10.1 { [Error: No compatible version found: @types/jquery@1.10.1
39 silly fetchPackageMetaData Valid install targets:
39 silly fetchPackageMetaData 3.2.12, 3.2.11, 3.2.10, 3.2.9, 3.2.8, 3.2.7, 3.2.6, 3.2.5, 3.2.4, 3.2.3, 3.2.2, 3.2.1, 3.2.0, 2.0.48, 2.0.47, 2.0.46, 2.0.45, 2.0.44, 2.0.43, 2.0.42, 2.0.41, 2.0.40, 2.0.39, 2.0.38, 2.0.37, 2.0.36, 2.0.35, 2.0.34, 2.0.33, 2.0.32, 1.10.33, 1.10.32, 1.10.31, 1.10.30, 1.10.29, 1.10.28, 1.10.27, 1.10.26-alpha, 1.10.25-alpha, 1.10.24-alpha, 1.10.23-alpha, 1.10.22-alpha, 1.10.21-alpha, 1.10.20-alpha, 1.10.15-alpha, 1.10.14-alpha, 1.10.8-alpha
39 silly fetchPackageMetaData ] code: 'ETARGET' }
40 silly rollbackFailedOptional Starting
41 silly rollbackFailedOptional Finishing
42 silly runTopLevelLifecycles Finishing
43 silly install printInstalled
44 verbose stack Error: No compatible version found: @types/jquery@1.10.1
44 verbose stack Valid install targets:
44 verbose stack 3.2.12, 3.2.11, 3.2.10, 3.2.9, 3.2.8, 3.2.7, 3.2.6, 3.2.5, 3.2.4, 3.2.3, 3.2.2, 3.2.1, 3.2.0, 2.0.48, 2.0.47, 2.0.46, 2.0.45, 2.0.44, 2.0.43, 2.0.42, 2.0.41, 2.0.40, 2.0.39, 2.0.38, 2.0.37, 2.0.36, 2.0.35, 2.0.34, 2.0.33, 2.0.32, 1.10.33, 1.10.32, 1.10.31, 1.10.30, 1.10.29, 1.10.28, 1.10.27, 1.10.26-alpha, 1.10.25-alpha, 1.10.24-alpha, 1.10.23-alpha, 1.10.22-alpha, 1.10.21-alpha, 1.10.20-alpha, 1.10.15-alpha, 1.10.14-alpha, 1.10.8-alpha
44 verbose stack
44 verbose stack     at pickVersionFromRegistryDocument (C:\Users\gsingh\AppData\Roaming\npm\node_modules\npm\lib\fetch-package-metadata.js:178:16)
44 verbose stack     at C:\Users\gsingh\AppData\Roaming\npm\node_modules\npm\node_modules\iferr\index.js:13:50
44 verbose stack     at C:\Users\gsingh\AppData\Roaming\npm\node_modules\npm\lib\utils\pulse-till-done.js:20:8
44 verbose stack     at saved (C:\Users\gsingh\AppData\Roaming\npm\node_modules\npm\lib\cache\caching-client.js:174:7)
44 verbose stack     at C:\Users\gsingh\AppData\Roaming\npm\node_modules\npm\node_modules\graceful-fs\polyfills.js:233:18
44 verbose stack     at FSReqWrap.oncomplete (fs.js:82:15)
45 verbose cwd C:\LargeJsApps\01.modules
46 error Windows_NT 10.0.15063
47 error argv "C:\\Program Files (x86)\\nodejs\\node.exe" "C:\\Users\\gsingh\\AppData\\Roaming\\npm\\node_modules\\npm\\bin\\npm-cli.js" "install" "@types/jquery@1.10.1" "--save-dev"
48 error node v4.4.7
49 error npm  v3.10.8
50 error code ETARGET
51 error notarget No compatible version found: @types/jquery@1.10.1
51 error notarget Valid install targets:
51 error notarget 3.2.12, 3.2.11, 3.2.10, 3.2.9, 3.2.8, 3.2.7, 3.2.6, 3.2.5, 3.2.4, 3.2.3, 3.2.2, 3.2.1, 3.2.0, 2.0.48, 2.0.47, 2.0.46, 2.0.45, 2.0.44, 2.0.43, 2.0.42, 2.0.41, 2.0.40, 2.0.39, 2.0.38, 2.0.37, 2.0.36, 2.0.35, 2.0.34, 2.0.33, 2.0.32, 1.10.33, 1.10.32, 1.10.31, 1.10.30, 1.10.29, 1.10.28, 1.10.27, 1.10.26-alpha, 1.10.25-alpha, 1.10.24-alpha, 1.10.23-alpha, 1.10.22-alpha, 1.10.21-alpha, 1.10.20-alpha, 1.10.15-alpha, 1.10.14-alpha, 1.10.8-alpha
52 error notarget This is most likely not a problem with npm itself.
52 error notarget In most cases you or one of your dependencies are requesting
52 error notarget a package version that doesn't exist.
53 verbose exit [ 1, true ]
